2022-07-07 16:25:13.737  INFO 9200 --- [main] com.yzh.common.CommonApplication         : Starting CommonApplication on Hui with PID 9200 (E:\1java黑马\04 Spring\MyCode\sofademo-parent\common\target\classes started by lenovo in E:\1java黑马\04 Spring\MyCode\sofademo-parent)
2022-07-07 16:25:13.842  INFO 9200 --- [main] com.yzh.common.CommonApplication         : No active profile set, falling back to default profiles: default
2022-07-07 16:25:15.060  WARN 9200 --- [main] o.m.s.mapper.ClassPathMapperScanner      : No MyBatis mapper was found in '[com.yzh.common]' package. Please check your configuration.
2022-07-07 16:25:15.822  INFO 9200 --- [main] o.s.b.w.embedded.tomcat.TomcatWebServer  : Tomcat initialized with port(s): 8082 (http)
2022-07-07 16:25:15.834  INFO 9200 --- [main] o.apache.catalina.core.StandardService   : Starting service [Tomcat]
2022-07-07 16:25:15.834  INFO 9200 --- [main] org.apache.catalina.core.StandardEngine  : Starting Servlet engine: [Apache Tomcat/9.0.43]
2022-07-07 16:25:16.067  INFO 9200 --- [main] o.a.c.c.C.[Tomcat].[localhost].[/]       : Initializing Spring embedded WebApplicationContext
2022-07-07 16:25:16.067  INFO 9200 --- [main] w.s.c.ServletWebServerApplicationContext : Root WebApplicationContext: initialization completed in 2167 ms
2022-07-07 16:25:16.397  INFO 9200 --- [main] o.s.s.concurrent.ThreadPoolTaskExecutor  : Initializing ExecutorService 'applicationTaskExecutor'
2022-07-07 16:25:18.617  INFO 9200 --- [main] o.s.b.a.e.web.EndpointLinksResolver      : Exposing 4 endpoint(s) beneath base path '/actuator'
2022-07-07 16:25:18.690  INFO 9200 --- [main] o.s.b.w.embedded.tomcat.TomcatWebServer  : Tomcat started on port(s): 8082 (http) with context path ''
2022-07-07 16:25:18.792  INFO 9200 --- [main] com.yzh.common.CommonApplication         : Started CommonApplication in 5.696 seconds (JVM running for 6.769)
2022-07-07 16:25:26.170  INFO 9200 --- [SpringContextShutdownHook] com.alibaba.druid.pool.DruidDataSource   : {dataSource-0} closing ...
2022-07-07 16:25:26.172  INFO 9200 --- [SpringContextShutdownHook] o.s.s.concurrent.ThreadPoolTaskExecutor  : Shutting down ExecutorService 'applicationTaskExecutor'
2022-07-07 16:25:30.848  INFO 18544 --- [main] com.yzh.common.CommonApplication         : Starting CommonApplication on Hui with PID 18544 (E:\1java黑马\04 Spring\MyCode\sofademo-parent\common\target\classes started by lenovo in E:\1java黑马\04 Spring\MyCode\sofademo-parent)
2022-07-07 16:25:30.849  INFO 18544 --- [main] com.yzh.common.CommonApplication         : No active profile set, falling back to default profiles: default
2022-07-07 16:25:31.818  WARN 18544 --- [main] o.m.s.mapper.ClassPathMapperScanner      : No MyBatis mapper was found in '[com.yzh.common]' package. Please check your configuration.
2022-07-07 16:25:32.303  INFO 18544 --- [main] o.s.b.w.embedded.tomcat.TomcatWebServer  : Tomcat initialized with port(s): 8083 (http)
2022-07-07 16:25:32.312  INFO 18544 --- [main] o.apache.catalina.core.StandardService   : Starting service [Tomcat]
2022-07-07 16:25:32.312  INFO 18544 --- [main] org.apache.catalina.core.StandardEngine  : Starting Servlet engine: [Apache Tomcat/9.0.43]
2022-07-07 16:25:32.432  INFO 18544 --- [main] o.a.c.c.C.[Tomcat].[localhost].[/]       : Initializing Spring embedded WebApplicationContext
2022-07-07 16:25:32.433  INFO 18544 --- [main] w.s.c.ServletWebServerApplicationContext : Root WebApplicationContext: initialization completed in 1536 ms
2022-07-07 16:25:32.767  INFO 18544 --- [main] o.s.s.concurrent.ThreadPoolTaskExecutor  : Initializing ExecutorService 'applicationTaskExecutor'
2022-07-07 16:25:34.895  INFO 18544 --- [main] o.s.b.a.e.web.EndpointLinksResolver      : Exposing 4 endpoint(s) beneath base path '/actuator'
2022-07-07 16:25:34.962  INFO 18544 --- [main] o.s.b.w.embedded.tomcat.TomcatWebServer  : Tomcat started on port(s): 8083 (http) with context path ''
2022-07-07 16:25:35.067  INFO 18544 --- [main] com.yzh.common.CommonApplication         : Started CommonApplication in 4.769 seconds (JVM running for 5.864)
2022-07-07 16:26:04.992  INFO 4208 --- [main] c.y.s.ServiceConsumerApplication         : Starting ServiceConsumerApplication on Hui with PID 4208 (E:\1java黑马\04 Spring\MyCode\sofademo-parent\service-consumer\target\classes started by lenovo in E:\1java黑马\04 Spring\MyCode\sofademo-parent)
2022-07-07 16:26:04.993  INFO 4208 --- [main] c.y.s.ServiceConsumerApplication         : No active profile set, falling back to default profiles: default
2022-07-07 16:26:06.228  WARN 4208 --- [main] o.m.s.mapper.ClassPathMapperScanner      : No MyBatis mapper was found in '[com.yzh.serviceconsumer]' package. Please check your configuration.
2022-07-07 16:26:06.845  INFO 4208 --- [main] o.s.b.w.embedded.tomcat.TomcatWebServer  : Tomcat initialized with port(s): 8082 (http)
2022-07-07 16:26:06.859  INFO 4208 --- [main] o.apache.catalina.core.StandardService   : Starting service [Tomcat]
2022-07-07 16:26:06.860  INFO 4208 --- [main] org.apache.catalina.core.StandardEngine  : Starting Servlet engine: [Apache Tomcat/9.0.43]
2022-07-07 16:26:07.095  INFO 4208 --- [main] o.a.c.c.C.[Tomcat].[localhost].[/]       : Initializing Spring embedded WebApplicationContext
2022-07-07 16:26:07.095  INFO 4208 --- [main] w.s.c.ServletWebServerApplicationContext : Root WebApplicationContext: initialization completed in 2059 ms
2022-07-07 16:26:16.399  INFO 4208 --- [main] o.s.s.concurrent.ThreadPoolTaskExecutor  : Initializing ExecutorService 'applicationTaskExecutor'
2022-07-07 16:26:18.399  INFO 4208 --- [main] o.s.b.a.e.web.EndpointLinksResolver      : Exposing 4 endpoint(s) beneath base path '/actuator'
2022-07-07 16:26:18.462  INFO 4208 --- [main] o.s.b.w.embedded.tomcat.TomcatWebServer  : Tomcat started on port(s): 8082 (http) with context path ''
2022-07-07 16:26:18.514  INFO 4208 --- [main] c.y.s.ServiceConsumerApplication         : Started ServiceConsumerApplication in 14.21 seconds (JVM running for 15.304)
2022-07-07 16:27:39.688  INFO 18544 --- [SpringContextShutdownHook] com.alibaba.druid.pool.DruidDataSource   : {dataSource-0} closing ...
2022-07-07 16:27:39.689  INFO 18544 --- [SpringContextShutdownHook] o.s.s.concurrent.ThreadPoolTaskExecutor  : Shutting down ExecutorService 'applicationTaskExecutor'
2022-07-07 16:27:39.996  INFO 4208 --- [SpringContextShutdownHook] com.alibaba.druid.pool.DruidDataSource   : {dataSource-0} closing ...
2022-07-07 16:27:39.997  INFO 4208 --- [SpringContextShutdownHook] o.s.s.concurrent.ThreadPoolTaskExecutor  : Shutting down ExecutorService 'applicationTaskExecutor'
2022-07-07 16:30:55.092  INFO 18928 --- [main] com.yzh.common.CommonApplication         : Starting CommonApplication on Hui with PID 18928 (E:\1java黑马\04 Spring\MyCode\sofademo-parent\common\target\classes started by lenovo in E:\1java黑马\04 Spring\MyCode\sofademo-parent)
2022-07-07 16:30:55.093  INFO 18928 --- [main] com.yzh.common.CommonApplication         : No active profile set, falling back to default profiles: default
2022-07-07 16:30:56.066  WARN 18928 --- [main] o.m.s.mapper.ClassPathMapperScanner      : No MyBatis mapper was found in '[com.yzh.common]' package. Please check your configuration.
2022-07-07 16:30:56.523  INFO 18928 --- [main] o.s.b.w.embedded.tomcat.TomcatWebServer  : Tomcat initialized with port(s): 8083 (http)
2022-07-07 16:30:56.533  INFO 18928 --- [main] o.apache.catalina.core.StandardService   : Starting service [Tomcat]
2022-07-07 16:30:56.534  INFO 18928 --- [main] org.apache.catalina.core.StandardEngine  : Starting Servlet engine: [Apache Tomcat/9.0.43]
2022-07-07 16:30:56.783  INFO 18928 --- [main] o.a.c.c.C.[Tomcat].[localhost].[/]       : Initializing Spring embedded WebApplicationContext
2022-07-07 16:30:56.784  INFO 18928 --- [main] w.s.c.ServletWebServerApplicationContext : Root WebApplicationContext: initialization completed in 1644 ms
2022-07-07 16:30:57.122  INFO 18928 --- [main] o.s.s.concurrent.ThreadPoolTaskExecutor  : Initializing ExecutorService 'applicationTaskExecutor'
2022-07-07 16:30:59.263  INFO 18928 --- [main] o.s.b.a.e.web.EndpointLinksResolver      : Exposing 4 endpoint(s) beneath base path '/actuator'
2022-07-07 16:30:59.332  INFO 18928 --- [main] o.s.b.w.embedded.tomcat.TomcatWebServer  : Tomcat started on port(s): 8083 (http) with context path ''
2022-07-07 16:30:59.422  INFO 18928 --- [main] com.yzh.common.CommonApplication         : Started CommonApplication in 4.844 seconds (JVM running for 5.874)
2022-07-07 16:31:22.348  INFO 13428 --- [main] c.y.s.ServiceConsumerApplication         : Starting ServiceConsumerApplication on Hui with PID 13428 (E:\1java黑马\04 Spring\MyCode\sofademo-parent\service-consumer\target\classes started by lenovo in E:\1java黑马\04 Spring\MyCode\sofademo-parent)
2022-07-07 16:31:22.349  INFO 13428 --- [main] c.y.s.ServiceConsumerApplication         : No active profile set, falling back to default profiles: default
2022-07-07 16:31:23.524  WARN 13428 --- [main] o.m.s.mapper.ClassPathMapperScanner      : No MyBatis mapper was found in '[com.yzh.serviceconsumer]' package. Please check your configuration.
2022-07-07 16:31:24.055  INFO 13428 --- [main] o.s.b.w.embedded.tomcat.TomcatWebServer  : Tomcat initialized with port(s): 8082 (http)
2022-07-07 16:31:24.066  INFO 13428 --- [main] o.apache.catalina.core.StandardService   : Starting service [Tomcat]
2022-07-07 16:31:24.067  INFO 13428 --- [main] org.apache.catalina.core.StandardEngine  : Starting Servlet engine: [Apache Tomcat/9.0.43]
2022-07-07 16:31:24.215  INFO 13428 --- [main] o.a.c.c.C.[Tomcat].[localhost].[/]       : Initializing Spring embedded WebApplicationContext
2022-07-07 16:31:24.215  INFO 13428 --- [main] w.s.c.ServletWebServerApplicationContext : Root WebApplicationContext: initialization completed in 1823 ms
2022-07-07 16:31:33.773  INFO 13428 --- [main] o.s.s.concurrent.ThreadPoolTaskExecutor  : Initializing ExecutorService 'applicationTaskExecutor'
2022-07-07 16:31:35.968  INFO 13428 --- [main] o.s.b.a.e.web.EndpointLinksResolver      : Exposing 4 endpoint(s) beneath base path '/actuator'
2022-07-07 16:31:36.054  INFO 13428 --- [main] o.s.b.w.embedded.tomcat.TomcatWebServer  : Tomcat started on port(s): 8082 (http) with context path ''
2022-07-07 16:31:36.115  INFO 13428 --- [main] c.y.s.ServiceConsumerApplication         : Started ServiceConsumerApplication in 14.391 seconds (JVM running for 16.259)
2022-07-07 16:31:42.295  INFO 18928 --- [SpringContextShutdownHook] com.alibaba.druid.pool.DruidDataSource   : {dataSource-0} closing ...
2022-07-07 16:31:42.296  INFO 18928 --- [SpringContextShutdownHook] o.s.s.concurrent.ThreadPoolTaskExecutor  : Shutting down ExecutorService 'applicationTaskExecutor'
2022-07-07 16:31:42.326  INFO 13428 --- [SpringContextShutdownHook] com.alibaba.druid.pool.DruidDataSource   : {dataSource-0} closing ...
2022-07-07 16:31:42.326  INFO 13428 --- [SpringContextShutdownHook] o.s.s.concurrent.ThreadPoolTaskExecutor  : Shutting down ExecutorService 'applicationTaskExecutor'
